[debug] [2024-07-19T18:17:14.505Z] ----------------------------------------------------------------------
[debug] [2024-07-19T18:17:14.864Z] Command:       C:\Program Files\nodejs\node.exe C:\Users\ian\AppData\Roaming\npm\node_modules\firebase-tools\lib\bin\firebase.js init
[debug] [2024-07-19T18:17:14.865Z] CLI Version:   13.13.3
[debug] [2024-07-19T18:17:14.865Z] Platform:      win32
[debug] [2024-07-19T18:17:14.865Z] Node Version:  v20.14.0
[debug] [2024-07-19T18:17:14.888Z] Time:          Fri Jul 19 2024 21:17:14 GMT+0300 (East Africa Time)
[debug] [2024-07-19T18:17:14.888Z] ----------------------------------------------------------------------
[debug] 
[debug] [2024-07-19T18:17:15.000Z] > command requires scopes: ["email","openid","https://www.googleapis.com/auth/cloudplatformprojects.readonly","https://www.googleapis.com/auth/firebase","https://www.googleapis.com/auth/cloud-platform"]
[debug] [2024-07-19T18:17:15.001Z] > authorizing via signed-in user (oluyalireuben1@gmail.com)
[info] 
     ######## #### ########  ######## ########     ###     ######  ########
     ##        ##  ##     ## ##       ##     ##  ##   ##  ##       ##
     ######    ##  ########  ######   ########  #########  ######  ######
     ##        ##  ##    ##  ##       ##     ## ##     ##       ## ##
     ##       #### ##     ## ######## ########  ##     ##  ######  ########

You're about to initialize a Firebase project in this directory:

  C:\Users\ian\PhpstormProjects\multiUserUI_website

[info] 
=== Project Setup
[info] 
[info] First, let's associate this project directory with a Firebase project.
[info] You can create multiple project aliases by running firebase use --add, 
[info] but for now we'll just set up a default project.
[info] 
[debug] [2024-07-19T18:20:54.138Z] >>> [apiv2][query] GET https://firebase.googleapis.com/v1beta1/projects pageSize=100
[debug] [2024-07-19T18:20:58.168Z] <<< [apiv2][status] GET https://firebase.googleapis.com/v1beta1/projects 200
[debug] [2024-07-19T18:20:58.169Z] <<< [apiv2][body] GET https://firebase.googleapis.com/v1beta1/projects [omitted]
[info] i  Don't want to scroll through all your projects? If you know your project ID, you can initialize it directly using firebase init --project <project_id>.
 
